<?xml version="1.0" encoding="UTF-8"?>
<testng-results skipped="0" failed="1" ignored="0" total="3" passed="2">
  <reporter-output>
  </reporter-output>
  <suite name="Default suite" duration-ms="12587" started-at="2019-04-14T19:55:46Z" finished-at="2019-04-14T19:55:59Z">
    <groups>
    </groups>
    <test name="Default test" duration-ms="12587" started-at="2019-04-14T19:55:46Z" finished-at="2019-04-14T19:55:59Z">
      <class name="com.model.NewTest">
        <test-method status="PASS" signature="Openbrowser()[pri:0, instance:com.model.NewTest@675d3402]" name="Openbrowser" is-config="true" duration-ms="3474" started-at="2019-04-14T19:55:43Z" finished-at="2019-04-14T19:55:46Z">
          <reporter-output>
          </reporter-output>
        </test-method> <!-- Openbrowser -->
        <test-method status="PASS" signature="enterapplicationUrl()[pri:0, instance:com.model.NewTest@675d3402]" name="enterapplicationUrl" is-config="true" duration-ms="6308" started-at="2019-04-14T19:55:46Z" finished-at="2019-04-14T19:55:52Z">
          <reporter-output>
          </reporter-output>
        </test-method> <!-- enterapplicationUrl -->
        <test-method status="PASS" signature="maximizebrowser()[pri:0, instance:com.model.NewTest@675d3402]" name="maximizebrowser" is-config="true" duration-ms="1214" started-at="2019-04-14T19:55:52Z" finished-at="2019-04-14T19:55:54Z">
          <reporter-output>
          </reporter-output>
        </test-method> <!-- maximizebrowser -->
        <test-method status="PASS" signature="getallcookies()[pri:0, instance:com.model.NewTest@675d3402]" name="getallcookies" is-config="true" duration-ms="25" started-at="2019-04-14T19:55:54Z" finished-at="2019-04-14T19:55:54Z">
          <reporter-output>
          </reporter-output>
        </test-method> <!-- getallcookies -->
        <test-method status="PASS" signature="verifyoneway()[pri:1, instance:com.model.NewTest@675d3402]" name="verifyoneway" duration-ms="49" started-at="2019-04-14T19:55:54Z" finished-at="2019-04-14T19:55:54Z">
          <reporter-output>
          </reporter-output>
        </test-method> <!-- verifyoneway -->
        <test-method status="PASS" signature="capturescreenshot()[pri:0, instance:com.model.NewTest@675d3402]" name="capturescreenshot" is-config="true" duration-ms="779" started-at="2019-04-14T19:55:54Z" finished-at="2019-04-14T19:55:54Z">
          <reporter-output>
          </reporter-output>
        </test-method> <!-- capturescreenshot -->
        <test-method status="PASS" signature="getallcookies()[pri:0, instance:com.model.NewTest@675d3402]" name="getallcookies" is-config="true" duration-ms="13" started-at="2019-04-14T19:55:54Z" finished-at="2019-04-14T19:55:54Z">
          <reporter-output>
          </reporter-output>
        </test-method> <!-- getallcookies -->
        <test-method status="PASS" signature="verifyroundtrip()[pri:2, instance:com.model.NewTest@675d3402]" name="verifyroundtrip" duration-ms="41" started-at="2019-04-14T19:55:54Z" finished-at="2019-04-14T19:55:55Z">
          <reporter-output>
          </reporter-output>
        </test-method> <!-- verifyroundtrip -->
        <test-method status="PASS" signature="capturescreenshot()[pri:0, instance:com.model.NewTest@675d3402]" name="capturescreenshot" is-config="true" duration-ms="682" started-at="2019-04-14T19:55:55Z" finished-at="2019-04-14T19:55:55Z">
          <reporter-output>
          </reporter-output>
        </test-method> <!-- capturescreenshot -->
        <test-method status="PASS" signature="getallcookies()[pri:0, instance:com.model.NewTest@675d3402]" name="getallcookies" is-config="true" duration-ms="15" started-at="2019-04-14T19:55:55Z" finished-at="2019-04-14T19:55:55Z">
          <reporter-output>
          </reporter-output>
        </test-method> <!-- getallcookies -->
        <test-method status="FAIL" signature="multicity()[pri:3, instance:com.model.NewTest@675d3402]" name="multicity" duration-ms="101" started-at="2019-04-14T19:55:55Z" finished-at="2019-04-14T19:55:55Z">
          <exception class="org.openqa.selenium.InvalidSelectorException">
            <message>
              <![CDATA[invalid selector: Unable to locate an element with the xpath expression //input[@id='ctl00_mainContent_rbtnl_Trip_2 because of the following error:
SyntaxError: Failed to execute 'evaluate' on 'Document': The string '//input[@id='ctl00_mainContent_rbtnl_Trip_2' is not a valid XPath expression.
  (Session info: chrome=73.0.3683.103)
  (Driver info: chromedriver=73.0.3683.20 (8e2b610813e167eee3619ac4ce6e42e3ec622017),platform=Windows NT 10.0.17134 x86_64) (WARNING: The server did not provide any stacktrace information)
Command duration or timeout: 0 milliseconds
For documentation on this error, please visit: https://www.seleniumhq.org/exceptions/invalid_selector_exception.html
Build info: version: '3.141.59', revision: 'e82be7d358', time: '2018-11-14T08:25:48'
System info: host: 'DESKTOP-I5FDIJE', ip: '192.168.0.103', os.name: 'Windows 10', os.arch: 'amd64', os.version: '10.0', java.version: '1.8.0_77'
Driver info: org.openqa.selenium.chrome.ChromeDriver
Capabilities {acceptInsecureCerts: false, acceptSslCerts: false, applicationCacheEnabled: false, browserConnectionEnabled: false, browserName: chrome, chrome: {chromedriverVersion: 73.0.3683.20 (8e2b610813e16..., userDataDir: C:\Users\dipak\AppData\Loca...}, cssSelectorsEnabled: true, databaseEnabled: false, goog:chromeOptions: {debuggerAddress: localhost:53311}, handlesAlerts: true, hasTouchScreen: false, javascriptEnabled: true, locationContextEnabled: true, mobileEmulationEnabled: false, nativeEvents: true, networkConnectionEnabled: false, pageLoadStrategy: normal, platform: XP, platformName: XP, proxy: Proxy(), rotatable: false, setWindowRect: true, strictFileInteractability: false, takesHeapSnapshot: true, takesScreenshot: true, timeouts: {implicit: 0, pageLoad: 300000, script: 30000}, unexpectedAlertBehaviour: ignore, unhandledPromptBehavior: ignore, version: 73.0.3683.103, webStorageEnabled: true}
Session ID: a576afd43e1e325de8a9b5ae2a307d42
*** Element info: {Using=xpath, value=//input[@id='ctl00_mainContent_rbtnl_Trip_2}]]>
            </message>
            <full-stacktrace>
              <![CDATA[org.openqa.selenium.InvalidSelectorException: invalid selector: Unable to locate an element with the xpath expression //input[@id='ctl00_mainContent_rbtnl_Trip_2 because of the following error:
SyntaxError: Failed to execute 'evaluate' on 'Document': The string '//input[@id='ctl00_mainContent_rbtnl_Trip_2' is not a valid XPath expression.
  (Session info: chrome=73.0.3683.103)
  (Driver info: chromedriver=73.0.3683.20 (8e2b610813e167eee3619ac4ce6e42e3ec622017),platform=Windows NT 10.0.17134 x86_64) (WARNING: The server did not provide any stacktrace information)
Command duration or timeout: 0 milliseconds
For documentation on this error, please visit: https://www.seleniumhq.org/exceptions/invalid_selector_exception.html
Build info: version: '3.141.59', revision: 'e82be7d358', time: '2018-11-14T08:25:48'
System info: host: 'DESKTOP-I5FDIJE', ip: '192.168.0.103', os.name: 'Windows 10', os.arch: 'amd64', os.version: '10.0', java.version: '1.8.0_77'
Driver info: org.openqa.selenium.chrome.ChromeDriver
Capabilities {acceptInsecureCerts: false, acceptSslCerts: false, applicationCacheEnabled: false, browserConnectionEnabled: false, browserName: chrome, chrome: {chromedriverVersion: 73.0.3683.20 (8e2b610813e16..., userDataDir: C:\Users\dipak\AppData\Loca...}, cssSelectorsEnabled: true, databaseEnabled: false, goog:chromeOptions: {debuggerAddress: localhost:53311}, handlesAlerts: true, hasTouchScreen: false, javascriptEnabled: true, locationContextEnabled: true, mobileEmulationEnabled: false, nativeEvents: true, networkConnectionEnabled: false, pageLoadStrategy: normal, platform: XP, platformName: XP, proxy: Proxy(), rotatable: false, setWindowRect: true, strictFileInteractability: false, takesHeapSnapshot: true, takesScreenshot: true, timeouts: {implicit: 0, pageLoad: 300000, script: 30000}, unexpectedAlertBehaviour: ignore, unhandledPromptBehavior: ignore, version: 73.0.3683.103, webStorageEnabled: true}
Session ID: a576afd43e1e325de8a9b5ae2a307d42
*** Element info: {Using=xpath, value=//input[@id='ctl00_mainContent_rbtnl_Trip_2}
at sun.reflect.NativeConstructorAccessorImpl.newInstance0(Native Method)
at sun.reflect.NativeConstructorAccessorImpl.newInstance(Unknown Source)
at sun.reflect.DelegatingConstructorAccessorImpl.newInstance(Unknown Source)
at java.lang.reflect.Constructor.newInstance(Unknown Source)
at org.openqa.selenium.remote.ErrorHandler.createThrowable(ErrorHandler.java:214)
at org.openqa.selenium.remote.ErrorHandler.throwIfResponseFailed(ErrorHandler.java:166)
at org.openqa.selenium.remote.http.JsonHttpResponseCodec.reconstructValue(JsonHttpResponseCodec.java:40)
at org.openqa.selenium.remote.http.AbstractHttpResponseCodec.decode(AbstractHttpResponseCodec.java:80)
at org.openqa.selenium.remote.http.AbstractHttpResponseCodec.decode(AbstractHttpResponseCodec.java:44)
at org.openqa.selenium.remote.HttpCommandExecutor.execute(HttpCommandExecutor.java:158)
at org.openqa.selenium.remote.service.DriverCommandExecutor.execute(DriverCommandExecutor.java:83)
at org.openqa.selenium.remote.RemoteWebDriver.execute(RemoteWebDriver.java:552)
at org.openqa.selenium.remote.RemoteWebDriver.findElement(RemoteWebDriver.java:323)
at org.openqa.selenium.remote.RemoteWebDriver.findElementByXPath(RemoteWebDriver.java:428)
at org.openqa.selenium.By$ByXPath.findElement(By.java:353)
at org.openqa.selenium.remote.RemoteWebDriver.findElement(RemoteWebDriver.java:315)
at com.model.NewTest.multicity(NewTest.java:48)
at sun.reflect.NativeMethodAccessorImpl.invoke0(Native Method)
at sun.reflect.NativeMethodAccessorImpl.invoke(Unknown Source)
at sun.reflect.DelegatingMethodAccessorImpl.invoke(Unknown Source)
at java.lang.reflect.Method.invoke(Unknown Source)
at org.testng.internal.MethodInvocationHelper.invokeMethod(MethodInvocationHelper.java:124)
at org.testng.internal.Invoker.invokeMethod(Invoker.java:583)
at org.testng.internal.Invoker.invokeTestMethod(Invoker.java:719)
at org.testng.internal.Invoker.invokeTestMethods(Invoker.java:989)
at org.testng.internal.TestMethodWorker.invokeTestMethods(TestMethodWorker.java:125)
at org.testng.internal.TestMethodWorker.run(TestMethodWorker.java:109)
at org.testng.TestRunner.privateRun(TestRunner.java:648)
at org.testng.TestRunner.run(TestRunner.java:505)
at org.testng.SuiteRunner.runTest(SuiteRunner.java:455)
at org.testng.SuiteRunner.runSequentially(SuiteRunner.java:450)
at org.testng.SuiteRunner.privateRun(SuiteRunner.java:415)
at org.testng.SuiteRunner.run(SuiteRunner.java:364)
at org.testng.SuiteRunnerWorker.runSuite(SuiteRunnerWorker.java:52)
at org.testng.SuiteRunnerWorker.run(SuiteRunnerWorker.java:84)
at org.testng.TestNG.runSuitesSequentially(TestNG.java:1208)
at org.testng.TestNG.runSuitesLocally(TestNG.java:1137)
at org.testng.TestNG.runSuites(TestNG.java:1049)
at org.testng.TestNG.run(TestNG.java:1017)
at org.testng.remote.AbstractRemoteTestNG.run(AbstractRemoteTestNG.java:115)
at org.testng.remote.RemoteTestNG.initAndRun(RemoteTestNG.java:251)
at org.testng.remote.RemoteTestNG.main(RemoteTestNG.java:77)
]]>
            </full-stacktrace>
          </exception> <!-- org.openqa.selenium.InvalidSelectorException -->
          <reporter-output>
          </reporter-output>
        </test-method> <!-- multicity -->
        <test-method status="PASS" signature="capturescreenshot()[pri:0, instance:com.model.NewTest@675d3402]" name="capturescreenshot" is-config="true" duration-ms="473" started-at="2019-04-14T19:55:55Z" finished-at="2019-04-14T19:55:56Z">
          <reporter-output>
          </reporter-output>
        </test-method> <!-- capturescreenshot -->
        <test-method status="PASS" signature="deleteallcookies()[pri:0, instance:com.model.NewTest@675d3402]" name="deleteallcookies" is-config="true" duration-ms="2812" started-at="2019-04-14T19:55:56Z" finished-at="2019-04-14T19:55:59Z">
          <reporter-output>
          </reporter-output>
        </test-method> <!-- deleteallcookies -->
        <test-method status="PASS" signature="dbconnectionclose()[pri:0, instance:com.model.NewTest@675d3402]" name="dbconnectionclose" is-config="true" duration-ms="1" started-at="2019-04-14T19:55:59Z" finished-at="2019-04-14T19:55:59Z">
          <reporter-output>
          </reporter-output>
        </test-method> <!-- dbconnectionclose -->
        <test-method status="PASS" signature="closebrowser()[pri:0, instance:com.model.NewTest@675d3402]" name="closebrowser" is-config="true" duration-ms="2133" started-at="2019-04-14T19:55:59Z" finished-at="2019-04-14T19:56:01Z">
          <reporter-output>
          </reporter-output>
        </test-method> <!-- closebrowser -->
      </class> <!-- com.model.NewTest -->
    </test> <!-- Default test -->
  </suite> <!-- Default suite -->
</testng-results>
